[debug] [2023-07-03T20:00:30.265Z] ----------------------------------------------------------------------
[debug] [2023-07-03T20:00:30.267Z] Command:       C:\Program Files\nodejs\node.exe C:\Users\rutam\AppData\Roaming\npm\node_modules\firebase-tools\lib\bin\firebase.js serve --only hosting --port=5002
[debug] [2023-07-03T20:00:30.268Z] CLI Version:   12.4.2
[debug] [2023-07-03T20:00:30.268Z] Platform:      win32
[debug] [2023-07-03T20:00:30.268Z] Node Version:  v18.16.0
[debug] [2023-07-03T20:00:30.269Z] Time:          Tue Jul 04 2023 01:30:30 GMT+0530 (India Standard Time)
[debug] [2023-07-03T20:00:30.269Z] ----------------------------------------------------------------------
[debug] 
[debug] [2023-07-03T20:00:30.273Z] >>> [apiv2][query] GET https://firebase-public.firebaseio.com/cli.json [none]
[debug] [2023-07-03T20:00:30.417Z] > command requires scopes: ["email","openid","https://www.googleapis.com/auth/cloudplatformprojects.readonly","https://www.googleapis.com/auth/firebase","https://www.googleapis.com/auth/cloud-platform"]
[debug] [2023-07-03T20:00:30.418Z] > authorizing via signed-in user (rutam.kathale@gmail.com)
[debug] [2023-07-03T20:00:30.418Z] [iam] checking project tinder-clone-db472 for permissions ["firebase.projects.get"]
[debug] [2023-07-03T20:00:30.419Z] > refreshing access token with scopes: []
[debug] [2023-07-03T20:00:30.420Z] >>> [apiv2][query] POST https://www.googleapis.com/oauth2/v3/token [none]
[debug] [2023-07-03T20:00:30.420Z] >>> [apiv2][body] POST https://www.googleapis.com/oauth2/v3/token [omitted]
[debug] [2023-07-03T20:00:30.924Z] <<< [apiv2][status] POST https://www.googleapis.com/oauth2/v3/token 200
[debug] [2023-07-03T20:00:30.924Z] <<< [apiv2][body] POST https://www.googleapis.com/oauth2/v3/token [omitted]
[debug] [2023-07-03T20:00:30.935Z] >>> [apiv2][query] POST https://cloudresourcemanager.googleapis.com/v1/projects/tinder-clone-db472:testIamPermissions [none]
[debug] [2023-07-03T20:00:30.936Z] >>> [apiv2][(partial)header] POST https://cloudresourcemanager.googleapis.com/v1/projects/tinder-clone-db472:testIamPermissions x-goog-quota-user=projects/tinder-clone-db472
[debug] [2023-07-03T20:00:30.936Z] >>> [apiv2][body] POST https://cloudresourcemanager.googleapis.com/v1/projects/tinder-clone-db472:testIamPermissions {"permissions":["firebase.projects.get"]}
[debug] [2023-07-03T20:00:31.150Z] <<< [apiv2][status] GET https://firebase-public.firebaseio.com/cli.json 200
[debug] [2023-07-03T20:00:31.150Z] <<< [apiv2][body] GET https://firebase-public.firebaseio.com/cli.json {"cloudBuildErrorAfter":1594252800000,"cloudBuildWarnAfter":1590019200000,"defaultNode10After":1594252800000,"minVersion":"3.0.5","node8DeploysDisabledAfter":1613390400000,"node8RuntimeDisabledAfter":1615809600000,"node8WarnAfter":1600128000000}
[debug] [2023-07-03T20:00:32.609Z] <<< [apiv2][status] POST https://cloudresourcemanager.googleapis.com/v1/projects/tinder-clone-db472:testIamPermissions 200
[debug] [2023-07-03T20:00:32.609Z] <<< [apiv2][body] POST https://cloudresourcemanager.googleapis.com/v1/projects/tinder-clone-db472:testIamPermissions {"permissions":["firebase.projects.get"]}
[debug] [2023-07-03T20:00:32.611Z] >>> [apiv2][query] GET https://firebase.googleapis.com/v1beta1/projects/tinder-clone-db472 [none]
[debug] [2023-07-03T20:00:33.431Z] <<< [apiv2][status] GET https://firebase.googleapis.com/v1beta1/projects/tinder-clone-db472 200
[debug] [2023-07-03T20:00:33.431Z] <<< [apiv2][body] GET https://firebase.googleapis.com/v1beta1/projects/tinder-clone-db472 {"projectId":"tinder-clone-db472","projectNumber":"448632656256","displayName":"Tinder Clone","name":"projects/tinder-clone-db472","resources":{"hostingSite":"tinder-clone-db472"},"state":"ACTIVE","etag":"1_b55a4e6d-11d1-448f-aaaf-879c3de315bd"}
[debug] [2023-07-03T20:00:33.437Z] >>> [apiv2][query] GET https://firebasehosting.googleapis.com/v1beta1/projects/tinder-clone-db472/sites 
[debug] [2023-07-03T20:00:34.729Z] <<< [apiv2][status] GET https://firebasehosting.googleapis.com/v1beta1/projects/tinder-clone-db472/sites 200
[debug] [2023-07-03T20:00:34.730Z] <<< [apiv2][body] GET https://firebasehosting.googleapis.com/v1beta1/projects/tinder-clone-db472/sites {"sites":[{"name":"projects/tinder-clone-db472/sites/tinder-clone-db472","defaultUrl":"https://tinder-clone-db472.web.app","type":"DEFAULT_SITE"}]}
[debug] [2023-07-03T20:00:34.731Z] >>> [apiv2][query] GET https://firebase.googleapis.com/v1beta1/projects/tinder-clone-db472/webApps/-/config [none]
[debug] [2023-07-03T20:00:36.066Z] <<< [apiv2][status] GET https://firebase.googleapis.com/v1beta1/projects/tinder-clone-db472/webApps/-/config 200
[debug] [2023-07-03T20:00:36.067Z] <<< [apiv2][body] GET https://firebase.googleapis.com/v1beta1/projects/tinder-clone-db472/webApps/-/config {"projectId":"tinder-clone-db472","storageBucket":"tinder-clone-db472.appspot.com","apiKey":"AIzaSyAG8s9wkbNBIPhKfIdnOTwzNzHfNxx6MOg","authDomain":"tinder-clone-db472.firebaseapp.com","messagingSenderId":"448632656256"}
[debug] [2023-07-03T20:00:36.075Z] >>> [apiv2][query] GET https://firebase.googleapis.com/v1beta1/projects/tinder-clone-db472 [none]
[debug] [2023-07-03T20:00:36.809Z] <<< [apiv2][status] GET https://firebase.googleapis.com/v1beta1/projects/tinder-clone-db472 200
[debug] [2023-07-03T20:00:36.809Z] <<< [apiv2][body] GET https://firebase.googleapis.com/v1beta1/projects/tinder-clone-db472 {"projectId":"tinder-clone-db472","projectNumber":"448632656256","displayName":"Tinder Clone","name":"projects/tinder-clone-db472","resources":{"hostingSite":"tinder-clone-db472"},"state":"ACTIVE","etag":"1_b55a4e6d-11d1-448f-aaaf-879c3de315bd"}
[info] i  hosting[tinder-clone-db472]: Serving hosting files from: build {"metadata":{"emulator":{"name":"hosting"},"message":"Serving hosting files from: \u001b[1mbuild\u001b[22m"}}
[info] +  hosting[tinder-clone-db472]: Local server: http://localhost:5002 {"metadata":{"emulator":{"name":"hosting"},"message":"Local server: \u001b[4m\u001b[1mhttp://localhost:5002\u001b[22m\u001b[24m"}}
[info] i  hosting: ::1 - - [03/Jul/2023:20:00:47 +0000] "GET / HTTP/1.1" 200 - "-" "Mozilla/5.0 (Windows NT 10.0; Win64; x64; rv:109.0) Gecko/20100101 Firefox/113.0" {"metadata":{"emulator":{"name":"hosting"},"message":"::1 - - [03/Jul/2023:20:00:47 +0000] \"GET / HTTP/1.1\" 200 - \"-\" \"Mozilla/5.0 (Windows NT 10.0; Win64; x64; rv:109.0) Gecko/20100101 Firefox/113.0\""}}
[debug] [2023-07-03T20:00:47.437Z] >>> [apiv2][query] GET https://www.gstatic.com/firebasejs/9.23.0/firebase-app-compat.js [none]
[debug] [2023-07-03T20:00:47.447Z] >>> [apiv2][query] GET https://www.gstatic.com/firebasejs/9.23.0/firebase-auth-compat.js [none]
[debug] [2023-07-03T20:00:47.457Z] >>> [apiv2][query] GET https://www.gstatic.com/firebasejs/9.23.0/firebase-database-compat.js [none]
[debug] [2023-07-03T20:00:47.463Z] >>> [apiv2][query] GET https://www.gstatic.com/firebasejs/9.23.0/firebase-firestore-compat.js [none]
[debug] [2023-07-03T20:00:47.467Z] >>> [apiv2][query] GET https://www.gstatic.com/firebasejs/9.23.0/firebase-functions-compat.js [none]
[debug] [2023-07-03T20:00:47.470Z] >>> [apiv2][query] GET https://www.gstatic.com/firebasejs/9.23.0/firebase-messaging-compat.js [none]
[debug] [2023-07-03T20:00:47.747Z] <<< [apiv2][status] GET https://www.gstatic.com/firebasejs/9.23.0/firebase-auth-compat.js 200
[debug] [2023-07-03T20:00:47.747Z] <<< [apiv2][body] GET https://www.gstatic.com/firebasejs/9.23.0/firebase-auth-compat.js [stream]
[debug] [2023-07-03T20:00:47.752Z] <<< [apiv2][status] GET https://www.gstatic.com/firebasejs/9.23.0/firebase-messaging-compat.js 200
[debug] [2023-07-03T20:00:47.752Z] <<< [apiv2][body] GET https://www.gstatic.com/firebasejs/9.23.0/firebase-messaging-compat.js [stream]
[info] i  hosting: ::1 - - [03/Jul/2023:20:00:47 +0000] "GET /__/firebase/9.23.0/firebase-messaging-compat.js HTTP/1.1" 200 9934 "http://localhost:5002/" "Mozilla/5.0 (Windows NT 10.0; Win64; x64; rv:109.0) Gecko/20100101 Firefox/113.0" {"metadata":{"emulator":{"name":"hosting"},"message":"::1 - - [03/Jul/2023:20:00:47 +0000] \"GET /__/firebase/9.23.0/firebase-messaging-compat.js HTTP/1.1\" 200 9934 \"http://localhost:5002/\" \"Mozilla/5.0 (Windows NT 10.0; Win64; x64; rv:109.0) Gecko/20100101 Firefox/113.0\""}}
[debug] [2023-07-03T20:00:47.763Z] <<< [apiv2][status] GET https://www.gstatic.com/firebasejs/9.23.0/firebase-functions-compat.js 200
[debug] [2023-07-03T20:00:47.763Z] <<< [apiv2][body] GET https://www.gstatic.com/firebasejs/9.23.0/firebase-functions-compat.js [stream]
[info] i  hosting: ::1 - - [03/Jul/2023:20:00:47 +0000] "GET /__/firebase/9.23.0/firebase-functions-compat.js HTTP/1.1" 200 3252 "http://localhost:5002/" "Mozilla/5.0 (Windows NT 10.0; Win64; x64; rv:109.0) Gecko/20100101 Firefox/113.0" {"metadata":{"emulator":{"name":"hosting"},"message":"::1 - - [03/Jul/2023:20:00:47 +0000] \"GET /__/firebase/9.23.0/firebase-functions-compat.js HTTP/1.1\" 200 3252 \"http://localhost:5002/\" \"Mozilla/5.0 (Windows NT 10.0; Win64; x64; rv:109.0) Gecko/20100101 Firefox/113.0\""}}
[debug] [2023-07-03T20:00:47.769Z] <<< [apiv2][status] GET https://www.gstatic.com/firebasejs/9.23.0/firebase-database-compat.js 200
[debug] [2023-07-03T20:00:47.769Z] <<< [apiv2][body] GET https://www.gstatic.com/firebasejs/9.23.0/firebase-database-compat.js [stream]
[debug] [2023-07-03T20:00:47.776Z] <<< [apiv2][status] GET https://www.gstatic.com/firebasejs/9.23.0/firebase-app-compat.js 200
[debug] [2023-07-03T20:00:47.776Z] <<< [apiv2][body] GET https://www.gstatic.com/firebasejs/9.23.0/firebase-app-compat.js [stream]
[info] i  hosting: ::1 - - [03/Jul/2023:20:00:47 +0000] "GET /__/firebase/9.23.0/firebase-app-compat.js HTTP/1.1" 200 9307 "http://localhost:5002/" "Mozilla/5.0 (Windows NT 10.0; Win64; x64; rv:109.0) Gecko/20100101 Firefox/113.0" {"metadata":{"emulator":{"name":"hosting"},"message":"::1 - - [03/Jul/2023:20:00:47 +0000] \"GET /__/firebase/9.23.0/firebase-app-compat.js HTTP/1.1\" 200 9307 \"http://localhost:5002/\" \"Mozilla/5.0 (Windows NT 10.0; Win64; x64; rv:109.0) Gecko/20100101 Firefox/113.0\""}}
[debug] [2023-07-03T20:00:47.785Z] >>> [apiv2][query] GET https://www.gstatic.com/firebasejs/9.23.0/firebase-storage-compat.js [none]
[debug] [2023-07-03T20:00:47.790Z] >>> [apiv2][query] GET https://www.gstatic.com/firebasejs/9.23.0/firebase-analytics-compat.js [none]
[debug] [2023-07-03T20:00:47.794Z] <<< [apiv2][status] GET https://www.gstatic.com/firebasejs/9.23.0/firebase-firestore-compat.js 200
[debug] [2023-07-03T20:00:47.794Z] <<< [apiv2][body] GET https://www.gstatic.com/firebasejs/9.23.0/firebase-firestore-compat.js [stream]
[debug] [2023-07-03T20:00:47.798Z] >>> [apiv2][query] GET https://www.gstatic.com/firebasejs/9.23.0/firebase-remote-config-compat.js [none]
[info] i  hosting: ::1 - - [03/Jul/2023:20:00:47 +0000] "GET /__/firebase/9.23.0/firebase-auth-compat.js HTTP/1.1" 200 38080 "http://localhost:5002/" "Mozilla/5.0 (Windows NT 10.0; Win64; x64; rv:109.0) Gecko/20100101 Firefox/113.0" {"metadata":{"emulator":{"name":"hosting"},"message":"::1 - - [03/Jul/2023:20:00:47 +0000] \"GET /__/firebase/9.23.0/firebase-auth-compat.js HTTP/1.1\" 200 38080 \"http://localhost:5002/\" \"Mozilla/5.0 (Windows NT 10.0; Win64; x64; rv:109.0) Gecko/20100101 Firefox/113.0\""}}
[debug] [2023-07-03T20:00:47.838Z] >>> [apiv2][query] GET https://www.gstatic.com/firebasejs/9.23.0/firebase-performance-compat.js [none]
[info] i  hosting: ::1 - - [03/Jul/2023:20:00:47 +0000] "GET /__/firebase/9.23.0/firebase-database-compat.js HTTP/1.1" 200 47924 "http://localhost:5002/" "Mozilla/5.0 (Windows NT 10.0; Win64; x64; rv:109.0) Gecko/20100101 Firefox/113.0" {"metadata":{"emulator":{"name":"hosting"},"message":"::1 - - [03/Jul/2023:20:00:47 +0000] \"GET /__/firebase/9.23.0/firebase-database-compat.js HTTP/1.1\" 200 47924 \"http://localhost:5002/\" \"Mozilla/5.0 (Windows NT 10.0; Win64; x64; rv:109.0) Gecko/20100101 Firefox/113.0\""}}
[info] i  hosting: ::1 - - [03/Jul/2023:20:00:47 +0000] "GET /__/firebase/init.js?useEmulator=true HTTP/1.1" 200 - "http://localhost:5002/" "Mozilla/5.0 (Windows NT 10.0; Win64; x64; rv:109.0) Gecko/20100101 Firefox/113.0" {"metadata":{"emulator":{"name":"hosting"},"message":"::1 - - [03/Jul/2023:20:00:47 +0000] \"GET /__/firebase/init.js?useEmulator=true HTTP/1.1\" 200 - \"http://localhost:5002/\" \"Mozilla/5.0 (Windows NT 10.0; Win64; x64; rv:109.0) Gecko/20100101 Firefox/113.0\""}}
[info] i  hosting: ::1 - - [03/Jul/2023:20:00:47 +0000] "GET /tinder-clone-mern/static/js/main.64894b29.js HTTP/1.1" 404 183 "http://localhost:5002/" "Mozilla/5.0 (Windows NT 10.0; Win64; x64; rv:109.0) Gecko/20100101 Firefox/113.0" {"metadata":{"emulator":{"name":"hosting"},"message":"::1 - - [03/Jul/2023:20:00:47 +0000] \"GET /tinder-clone-mern/static/js/main.64894b29.js HTTP/1.1\" 404 183 \"http://localhost:5002/\" \"Mozilla/5.0 (Windows NT 10.0; Win64; x64; rv:109.0) Gecko/20100101 Firefox/113.0\""}}
[info] i  hosting: ::1 - - [03/Jul/2023:20:00:47 +0000] "GET /tinder-clone-mern/static/css/main.4802ecd9.css HTTP/1.1" 404 185 "http://localhost:5002/" "Mozilla/5.0 (Windows NT 10.0; Win64; x64; rv:109.0) Gecko/20100101 Firefox/113.0" {"metadata":{"emulator":{"name":"hosting"},"message":"::1 - - [03/Jul/2023:20:00:47 +0000] \"GET /tinder-clone-mern/static/css/main.4802ecd9.css HTTP/1.1\" 404 185 \"http://localhost:5002/\" \"Mozilla/5.0 (Windows NT 10.0; Win64; x64; rv:109.0) Gecko/20100101 Firefox/113.0\""}}
[info] i  hosting: ::1 - - [03/Jul/2023:20:00:47 +0000] "GET /__/firebase/9.23.0/firebase-firestore-compat.js HTTP/1.1" 200 100788 "http://localhost:5002/" "Mozilla/5.0 (Windows NT 10.0; Win64; x64; rv:109.0) Gecko/20100101 Firefox/113.0" {"metadata":{"emulator":{"name":"hosting"},"message":"::1 - - [03/Jul/2023:20:00:47 +0000] \"GET /__/firebase/9.23.0/firebase-firestore-compat.js HTTP/1.1\" 200 100788 \"http://localhost:5002/\" \"Mozilla/5.0 (Windows NT 10.0; Win64; x64; rv:109.0) Gecko/20100101 Firefox/113.0\""}}
[debug] [2023-07-03T20:00:48.022Z] <<< [apiv2][status] GET https://www.gstatic.com/firebasejs/9.23.0/firebase-storage-compat.js 200
[debug] [2023-07-03T20:00:48.023Z] <<< [apiv2][body] GET https://www.gstatic.com/firebasejs/9.23.0/firebase-storage-compat.js [stream]
[debug] [2023-07-03T20:00:48.036Z] <<< [apiv2][status] GET https://www.gstatic.com/firebasejs/9.23.0/firebase-remote-config-compat.js 200
[debug] [2023-07-03T20:00:48.037Z] <<< [apiv2][body] GET https://www.gstatic.com/firebasejs/9.23.0/firebase-remote-config-compat.js [stream]
[info] i  hosting: ::1 - - [03/Jul/2023:20:00:48 +0000] "GET /__/firebase/9.23.0/firebase-remote-config-compat.js HTTP/1.1" 200 8814 "http://localhost:5002/" "Mozilla/5.0 (Windows NT 10.0; Win64; x64; rv:109.0) Gecko/20100101 Firefox/113.0" {"metadata":{"emulator":{"name":"hosting"},"message":"::1 - - [03/Jul/2023:20:00:48 +0000] \"GET /__/firebase/9.23.0/firebase-remote-config-compat.js HTTP/1.1\" 200 8814 \"http://localhost:5002/\" \"Mozilla/5.0 (Windows NT 10.0; Win64; x64; rv:109.0) Gecko/20100101 Firefox/113.0\""}}
[debug] [2023-07-03T20:00:48.049Z] <<< [apiv2][status] GET https://www.gstatic.com/firebasejs/9.23.0/firebase-analytics-compat.js 200
[debug] [2023-07-03T20:00:48.049Z] <<< [apiv2][body] GET https://www.gstatic.com/firebasejs/9.23.0/firebase-analytics-compat.js [stream]
[info] i  hosting: ::1 - - [03/Jul/2023:20:00:48 +0000] "GET /__/firebase/9.23.0/firebase-analytics-compat.js HTTP/1.1" 200 9216 "http://localhost:5002/" "Mozilla/5.0 (Windows NT 10.0; Win64; x64; rv:109.0) Gecko/20100101 Firefox/113.0" {"metadata":{"emulator":{"name":"hosting"},"message":"::1 - - [03/Jul/2023:20:00:48 +0000] \"GET /__/firebase/9.23.0/firebase-analytics-compat.js HTTP/1.1\" 200 9216 \"http://localhost:5002/\" \"Mozilla/5.0 (Windows NT 10.0; Win64; x64; rv:109.0) Gecko/20100101 Firefox/113.0\""}}
[debug] [2023-07-03T20:00:48.067Z] <<< [apiv2][status] GET https://www.gstatic.com/firebasejs/9.23.0/firebase-performance-compat.js 200
[debug] [2023-07-03T20:00:48.067Z] <<< [apiv2][body] GET https://www.gstatic.com/firebasejs/9.23.0/firebase-performance-compat.js [stream]
[info] i  hosting: ::1 - - [03/Jul/2023:20:00:48 +0000] "GET /__/firebase/9.23.0/firebase-storage-compat.js HTTP/1.1" 200 13326 "http://localhost:5002/" "Mozilla/5.0 (Windows NT 10.0; Win64; x64; rv:109.0) Gecko/20100101 Firefox/113.0" {"metadata":{"emulator":{"name":"hosting"},"message":"::1 - - [03/Jul/2023:20:00:48 +0000] \"GET /__/firebase/9.23.0/firebase-storage-compat.js HTTP/1.1\" 200 13326 \"http://localhost:5002/\" \"Mozilla/5.0 (Windows NT 10.0; Win64; x64; rv:109.0) Gecko/20100101 Firefox/113.0\""}}
[info] i  hosting: ::1 - - [03/Jul/2023:20:00:48 +0000] "GET /__/firebase/9.23.0/firebase-performance-compat.js HTTP/1.1" 200 10251 "http://localhost:5002/" "Mozilla/5.0 (Windows NT 10.0; Win64; x64; rv:109.0) Gecko/20100101 Firefox/113.0" {"metadata":{"emulator":{"name":"hosting"},"message":"::1 - - [03/Jul/2023:20:00:48 +0000] \"GET /__/firebase/9.23.0/firebase-performance-compat.js HTTP/1.1\" 200 10251 \"http://localhost:5002/\" \"Mozilla/5.0 (Windows NT 10.0; Win64; x64; rv:109.0) Gecko/20100101 Firefox/113.0\""}}
[info] i  hosting: ::1 - - [03/Jul/2023:20:00:48 +0000] "GET /favicon.ico HTTP/1.1" 200 - "http://localhost:5002/" "Mozilla/5.0 (Windows NT 10.0; Win64; x64; rv:109.0) Gecko/20100101 Firefox/113.0" {"metadata":{"emulator":{"name":"hosting"},"message":"::1 - - [03/Jul/2023:20:00:48 +0000] \"GET /favicon.ico HTTP/1.1\" 200 - \"http://localhost:5002/\" \"Mozilla/5.0 (Windows NT 10.0; Win64; x64; rv:109.0) Gecko/20100101 Firefox/113.0\""}}
[info] i  hosting: ::1 - - [03/Jul/2023:20:01:09 +0000] "GET / HTTP/1.1" 200 - "-" "Mozilla/5.0 (Windows NT 10.0; Win64; x64; rv:109.0) Gecko/20100101 Firefox/113.0" {"metadata":{"emulator":{"name":"hosting"},"message":"::1 - - [03/Jul/2023:20:01:09 +0000] \"GET / HTTP/1.1\" 200 - \"-\" \"Mozilla/5.0 (Windows NT 10.0; Win64; x64; rv:109.0) Gecko/20100101 Firefox/113.0\""}}
[info] i  hosting: ::1 - - [03/Jul/2023:20:01:09 +0000] "GET /__/firebase/init.js?useEmulator=true HTTP/1.1" 200 - "http://localhost:5002/" "Mozilla/5.0 (Windows NT 10.0; Win64; x64; rv:109.0) Gecko/20100101 Firefox/113.0" {"metadata":{"emulator":{"name":"hosting"},"message":"::1 - - [03/Jul/2023:20:01:09 +0000] \"GET /__/firebase/init.js?useEmulator=true HTTP/1.1\" 200 - \"http://localhost:5002/\" \"Mozilla/5.0 (Windows NT 10.0; Win64; x64; rv:109.0) Gecko/20100101 Firefox/113.0\""}}
[info] i  hosting: ::1 - - [03/Jul/2023:20:01:09 +0000] "GET /tinder-clone-mern/static/js/main.64894b29.js HTTP/1.1" 404 183 "http://localhost:5002/" "Mozilla/5.0 (Windows NT 10.0; Win64; x64; rv:109.0) Gecko/20100101 Firefox/113.0" {"metadata":{"emulator":{"name":"hosting"},"message":"::1 - - [03/Jul/2023:20:01:09 +0000] \"GET /tinder-clone-mern/static/js/main.64894b29.js HTTP/1.1\" 404 183 \"http://localhost:5002/\" \"Mozilla/5.0 (Windows NT 10.0; Win64; x64; rv:109.0) Gecko/20100101 Firefox/113.0\""}}
[info] i  hosting: ::1 - - [03/Jul/2023:20:01:09 +0000] "GET /tinder-clone-mern/static/css/main.4802ecd9.css HTTP/1.1" 404 185 "http://localhost:5002/" "Mozilla/5.0 (Windows NT 10.0; Win64; x64; rv:109.0) Gecko/20100101 Firefox/113.0" {"metadata":{"emulator":{"name":"hosting"},"message":"::1 - - [03/Jul/2023:20:01:09 +0000] \"GET /tinder-clone-mern/static/css/main.4802ecd9.css HTTP/1.1\" 404 185 \"http://localhost:5002/\" \"Mozilla/5.0 (Windows NT 10.0; Win64; x64; rv:109.0) Gecko/20100101 Firefox/113.0\""}}
[info] i  hosting: ::1 - - [03/Jul/2023:20:01:14 +0000] "GET /__/firebase/init.js?useEmulator=true HTTP/1.1" 200 - "http://localhost:5002/" "Mozilla/5.0 (Windows NT 10.0; Win64; x64; rv:109.0) Gecko/20100101 Firefox/113.0" {"metadata":{"emulator":{"name":"hosting"},"message":"::1 - - [03/Jul/2023:20:01:14 +0000] \"GET /__/firebase/init.js?useEmulator=true HTTP/1.1\" 200 - \"http://localhost:5002/\" \"Mozilla/5.0 (Windows NT 10.0; Win64; x64; rv:109.0) Gecko/20100101 Firefox/113.0\""}}
[info] i  hosting: ::1 - - [03/Jul/2023:20:01:14 +0000] "GET /tinder-clone-mern/static/css/main.4802ecd9.css HTTP/1.1" 404 185 "http://localhost:5002/" "Mozilla/5.0 (Windows NT 10.0; Win64; x64; rv:109.0) Gecko/20100101 Firefox/113.0" {"metadata":{"emulator":{"name":"hosting"},"message":"::1 - - [03/Jul/2023:20:01:14 +0000] \"GET /tinder-clone-mern/static/css/main.4802ecd9.css HTTP/1.1\" 404 185 \"http://localhost:5002/\" \"Mozilla/5.0 (Windows NT 10.0; Win64; x64; rv:109.0) Gecko/20100101 Firefox/113.0\""}}
[info] i  hosting: ::1 - - [03/Jul/2023:20:01:14 +0000] "GET /tinder-clone-mern/static/js/main.64894b29.js HTTP/1.1" 404 183 "http://localhost:5002/" "Mozilla/5.0 (Windows NT 10.0; Win64; x64; rv:109.0) Gecko/20100101 Firefox/113.0" {"metadata":{"emulator":{"name":"hosting"},"message":"::1 - - [03/Jul/2023:20:01:14 +0000] \"GET /tinder-clone-mern/static/js/main.64894b29.js HTTP/1.1\" 404 183 \"http://localhost:5002/\" \"Mozilla/5.0 (Windows NT 10.0; Win64; x64; rv:109.0) Gecko/20100101 Firefox/113.0\""}}
[info] i  hosting: ::1 - - [03/Jul/2023:20:01:26 +0000] "GET / HTTP/1.1" 200 - "-" "Mozilla/5.0 (Windows NT 10.0; Win64; x64; rv:109.0) Gecko/20100101 Firefox/113.0" {"metadata":{"emulator":{"name":"hosting"},"message":"::1 - - [03/Jul/2023:20:01:26 +0000] \"GET / HTTP/1.1\" 200 - \"-\" \"Mozilla/5.0 (Windows NT 10.0; Win64; x64; rv:109.0) Gecko/20100101 Firefox/113.0\""}}
[info] i  hosting: ::1 - - [03/Jul/2023:20:01:26 +0000] "GET /__/firebase/init.js?useEmulator=true HTTP/1.1" 200 - "http://localhost:5002/" "Mozilla/5.0 (Windows NT 10.0; Win64; x64; rv:109.0) Gecko/20100101 Firefox/113.0" {"metadata":{"emulator":{"name":"hosting"},"message":"::1 - - [03/Jul/2023:20:01:26 +0000] \"GET /__/firebase/init.js?useEmulator=true HTTP/1.1\" 200 - \"http://localhost:5002/\" \"Mozilla/5.0 (Windows NT 10.0; Win64; x64; rv:109.0) Gecko/20100101 Firefox/113.0\""}}
[info] i  hosting: ::1 - - [03/Jul/2023:20:01:26 +0000] "GET /tinder-clone-mern/static/css/main.4802ecd9.css HTTP/1.1" 404 185 "http://localhost:5002/" "Mozilla/5.0 (Windows NT 10.0; Win64; x64; rv:109.0) Gecko/20100101 Firefox/113.0" {"metadata":{"emulator":{"name":"hosting"},"message":"::1 - - [03/Jul/2023:20:01:26 +0000] \"GET /tinder-clone-mern/static/css/main.4802ecd9.css HTTP/1.1\" 404 185 \"http://localhost:5002/\" \"Mozilla/5.0 (Windows NT 10.0; Win64; x64; rv:109.0) Gecko/20100101 Firefox/113.0\""}}
[info] i  hosting: ::1 - - [03/Jul/2023:20:01:26 +0000] "GET /tinder-clone-mern/static/js/main.64894b29.js HTTP/1.1" 404 183 "http://localhost:5002/" "Mozilla/5.0 (Windows NT 10.0; Win64; x64; rv:109.0) Gecko/20100101 Firefox/113.0" {"metadata":{"emulator":{"name":"hosting"},"message":"::1 - - [03/Jul/2023:20:01:26 +0000] \"GET /tinder-clone-mern/static/js/main.64894b29.js HTTP/1.1\" 404 183 \"http://localhost:5002/\" \"Mozilla/5.0 (Windows NT 10.0; Win64; x64; rv:109.0) Gecko/20100101 Firefox/113.0\""}}
[info] i  hosting: ::1 - - [03/Jul/2023:20:07:59 +0000] "GET / HTTP/1.1" 200 - "-" "Mozilla/5.0 (Windows NT 10.0; Win64; x64; rv:109.0) Gecko/20100101 Firefox/113.0" {"metadata":{"emulator":{"name":"hosting"},"message":"::1 - - [03/Jul/2023:20:07:59 +0000] \"GET / HTTP/1.1\" 200 - \"-\" \"Mozilla/5.0 (Windows NT 10.0; Win64; x64; rv:109.0) Gecko/20100101 Firefox/113.0\""}}
[info] i  hosting: ::1 - - [03/Jul/2023:20:07:59 +0000] "GET /tinder-clone-mern/static/js/main.64894b29.js HTTP/1.1" 404 183 "http://localhost:5002/" "Mozilla/5.0 (Windows NT 10.0; Win64; x64; rv:109.0) Gecko/20100101 Firefox/113.0" {"metadata":{"emulator":{"name":"hosting"},"message":"::1 - - [03/Jul/2023:20:07:59 +0000] \"GET /tinder-clone-mern/static/js/main.64894b29.js HTTP/1.1\" 404 183 \"http://localhost:5002/\" \"Mozilla/5.0 (Windows NT 10.0; Win64; x64; rv:109.0) Gecko/20100101 Firefox/113.0\""}}
[info] i  hosting: ::1 - - [03/Jul/2023:20:07:59 +0000] "GET /tinder-clone-mern/static/css/main.4802ecd9.css HTTP/1.1" 404 185 "http://localhost:5002/" "Mozilla/5.0 (Windows NT 10.0; Win64; x64; rv:109.0) Gecko/20100101 Firefox/113.0" {"metadata":{"emulator":{"name":"hosting"},"message":"::1 - - [03/Jul/2023:20:07:59 +0000] \"GET /tinder-clone-mern/static/css/main.4802ecd9.css HTTP/1.1\" 404 185 \"http://localhost:5002/\" \"Mozilla/5.0 (Windows NT 10.0; Win64; x64; rv:109.0) Gecko/20100101 Firefox/113.0\""}}
[info] i  hosting: ::1 - - [03/Jul/2023:20:07:59 +0000] "GET /__/firebase/init.js?useEmulator=true HTTP/1.1" 200 - "http://localhost:5002/" "Mozilla/5.0 (Windows NT 10.0; Win64; x64; rv:109.0) Gecko/20100101 Firefox/113.0" {"metadata":{"emulator":{"name":"hosting"},"message":"::1 - - [03/Jul/2023:20:07:59 +0000] \"GET /__/firebase/init.js?useEmulator=true HTTP/1.1\" 200 - \"http://localhost:5002/\" \"Mozilla/5.0 (Windows NT 10.0; Win64; x64; rv:109.0) Gecko/20100101 Firefox/113.0\""}}
[info] i  hosting: ::1 - - [03/Jul/2023:20:07:59 +0000] "GET /favicon.ico HTTP/1.1" - - "http://localhost:5002/" "Mozilla/5.0 (Windows NT 10.0; Win64; x64; rv:109.0) Gecko/20100101 Firefox/113.0" {"metadata":{"emulator":{"name":"hosting"},"message":"::1 - - [03/Jul/2023:20:07:59 +0000] \"GET /favicon.ico HTTP/1.1\" - - \"http://localhost:5002/\" \"Mozilla/5.0 (Windows NT 10.0; Win64; x64; rv:109.0) Gecko/20100101 Firefox/113.0\""}}
[info] i  hosting: ::1 - - [03/Jul/2023:20:09:17 +0000] "GET / HTTP/1.1" 200 - "-" "Mozilla/5.0 (Windows NT 10.0; Win64; x64; rv:109.0) Gecko/20100101 Firefox/113.0" {"metadata":{"emulator":{"name":"hosting"},"message":"::1 - - [03/Jul/2023:20:09:17 +0000] \"GET / HTTP/1.1\" 200 - \"-\" \"Mozilla/5.0 (Windows NT 10.0; Win64; x64; rv:109.0) Gecko/20100101 Firefox/113.0\""}}
[info] i  hosting: ::1 - - [03/Jul/2023:20:09:17 +0000] "GET /__/firebase/init.js?useEmulator=true HTTP/1.1" 200 - "http://localhost:5002/" "Mozilla/5.0 (Windows NT 10.0; Win64; x64; rv:109.0) Gecko/20100101 Firefox/113.0" {"metadata":{"emulator":{"name":"hosting"},"message":"::1 - - [03/Jul/2023:20:09:17 +0000] \"GET /__/firebase/init.js?useEmulator=true HTTP/1.1\" 200 - \"http://localhost:5002/\" \"Mozilla/5.0 (Windows NT 10.0; Win64; x64; rv:109.0) Gecko/20100101 Firefox/113.0\""}}
[info] i  hosting: ::1 - - [03/Jul/2023:20:09:17 +0000] "GET /tinder-clone-mern/static/css/main.4802ecd9.css HTTP/1.1" 404 185 "http://localhost:5002/" "Mozilla/5.0 (Windows NT 10.0; Win64; x64; rv:109.0) Gecko/20100101 Firefox/113.0" {"metadata":{"emulator":{"name":"hosting"},"message":"::1 - - [03/Jul/2023:20:09:17 +0000] \"GET /tinder-clone-mern/static/css/main.4802ecd9.css HTTP/1.1\" 404 185 \"http://localhost:5002/\" \"Mozilla/5.0 (Windows NT 10.0; Win64; x64; rv:109.0) Gecko/20100101 Firefox/113.0\""}}
[info] i  hosting: ::1 - - [03/Jul/2023:20:09:17 +0000] "GET /tinder-clone-mern/static/js/main.64894b29.js HTTP/1.1" 404 183 "http://localhost:5002/" "Mozilla/5.0 (Windows NT 10.0; Win64; x64; rv:109.0) Gecko/20100101 Firefox/113.0" {"metadata":{"emulator":{"name":"hosting"},"message":"::1 - - [03/Jul/2023:20:09:17 +0000] \"GET /tinder-clone-mern/static/js/main.64894b29.js HTTP/1.1\" 404 183 \"http://localhost:5002/\" \"Mozilla/5.0 (Windows NT 10.0; Win64; x64; rv:109.0) Gecko/20100101 Firefox/113.0\""}}
[info] i  hosting: ::1 - - [03/Jul/2023:20:09:17 +0000] "GET /favicon.ico HTTP/1.1" - - "http://localhost:5002/" "Mozilla/5.0 (Windows NT 10.0; Win64; x64; rv:109.0) Gecko/20100101 Firefox/113.0" {"metadata":{"emulator":{"name":"hosting"},"message":"::1 - - [03/Jul/2023:20:09:17 +0000] \"GET /favicon.ico HTTP/1.1\" - - \"http://localhost:5002/\" \"Mozilla/5.0 (Windows NT 10.0; Win64; x64; rv:109.0) Gecko/20100101 Firefox/113.0\""}}
